Using pre-set license
Built from '2020.3/staging' branch; Version is '2020.3.6f1 (338bb68529b2) revision 3378102'; Using compiler version '192528614'; Build Type 'Release'
OS: 'Windows 10 Pro; OS build 19041.985; Version 2004; 64bit' Language: 'pl' Physical Memory: 16245 MB
BatchMode: 1, IsHumanControllingUs: 0, StartBugReporterOnCrash: 0, Is64bit: 1, IsPro: 0

 COMMAND LINE ARGUMENTS:
D:\instalki\Unity\2020.3.6f1\Editor\Unity.exe
-adb2
-batchMode
-noUpm
-name
AssetImportWorker0
-projectPath
D:/Studia/Programowanie gier/Black Archer/Black Archer
-logFile
Logs/AssetImportWorker0.log
-srvPort
60154
Successfully changed project path to: D:/Studia/Programowanie gier/Black Archer/Black Archer
D:/Studia/Programowanie gier/Black Archer/Black Archer
Using Asset Import Pipeline V2.
Refreshing native plugins compatible for Editor in 44.52 ms, found 2 plugins.
Preloading 0 native plugins for Editor in 0.00 ms.
Initialize engine version: 2020.3.6f1 (338bb68529b2)
[Subsystems] Discovering subsystems at path D:/instalki/Unity/2020.3.6f1/Editor/Data/Resources/UnitySubsystems
[Subsystems] Discovering subsystems at path D:/Studia/Programowanie gier/Black Archer/Black Archer/Assets
GfxDevice: creating device client; threaded=0
Direct3D:
    Version:  Direct3D 11.0 [level 11.1]
    Renderer: NVIDIA GeForce GTX 1050 Ti (ID=0x1c82)
    Vendor:   
    VRAM:     4018 MB
    Driver:   27.21.14.6663
Initialize mono
Mono path[0] = 'D:/instalki/Unity/2020.3.6f1/Editor/Data/Managed'
Mono path[1] = 'D:/instalki/Unity/2020.3.6f1/Editor/Data/MonoBleedingEdge/lib/mono/unityjit'
Mono config path = 'D:/instalki/Unity/2020.3.6f1/Editor/Data/MonoBleedingEdge/etc'
Using monoOptions --debugger-agent=transport=dt_socket,embedding=1,server=y,suspend=n,address=127.0.0.1:56732
Begin MonoManager ReloadAssembly
Registering precompiled unity dll's ...
Register platform support module: D:/instalki/Unity/2020.3.6f1/Editor/Data/PlaybackEngines/WindowsStandaloneSupport/UnityEditor.WindowsStandalone.Extensions.dll
Registered in 0.001069 seconds.
Native extension for WindowsStandalone target not found
Refreshing native plugins compatible for Editor in 37.41 ms, found 2 plugins.
Preloading 0 native plugins for Editor in 0.00 ms.
Mono: successfully reloaded assembly
- Completed reload, in  1.113 seconds
Platform modules already initialized, skipping
Registering precompiled user dll's ...
Registered in 0.003759 seconds.
Begin MonoManager ReloadAssembly
Native extension for WindowsStandalone target not found
Refreshing native plugins compatible for Editor in 42.92 ms, found 2 plugins.
Preloading 0 native plugins for Editor in 0.00 ms.
Mono: successfully reloaded assembly
- Completed reload, in  1.470 seconds
Platform modules already initialized, skipping
========================================================================
Worker process is ready to serve import requests
Launched and connected shader compiler UnityShaderCompiler.exe after 0.08 seconds
Refreshing native plugins compatible for Editor in 0.71 ms, found 2 plugins.
Preloading 0 native plugins for Editor in 0.00 ms.
Unloading 1852 Unused Serialized files (Serialized files now loaded: 0)
System memory in use before: 102.9 MB.
System memory in use after: 102.9 MB.

Unloading 22 unused Assets to reduce memory usage. Loaded Objects now: 2309.
Total: 4.744900 ms (FindLiveObjects: 0.664700 ms CreateObjectMapping: 0.283900 ms MarkObjects: 3.535800 ms  DeleteObjects: 0.258100 ms)

========================================================================
Received Import Request.
  path: Assets/Scenes/Level1.unity
  artifactKey: Guid(0557900b7884c3e4892909513cf01c9f) Importer(815301076,1909f56bfc062723c751e8b465ee728b)
Start importing Assets/Scenes/Level1.unity using Guid(0557900b7884c3e4892909513cf01c9f) Importer(815301076,1909f56bfc062723c751e8b465ee728b)  -> (artifact id: '86ba33ebb6d71b9e8fc761532437d37c') in 0.109326 seconds
  Import took 0.113682 seconds .

========================================================================
Received Import Request.
  Time since last request: 37.934650 seconds.
  path: Assets/Prefabs/Canvas.prefab
  artifactKey: Guid(cd9b12c4b4d14d2429b3784b521cf7ba) Importer(815301076,1909f56bfc062723c751e8b465ee728b)
Start importing Assets/Prefabs/Canvas.prefab using Guid(cd9b12c4b4d14d2429b3784b521cf7ba) Importer(815301076,1909f56bfc062723c751e8b465ee728b)  -> (artifact id: '840747807502d53705b46eaac7c0a7f7') in 0.431915 seconds
  Import took 0.442985 seconds .

========================================================================
Received Import Request.
  Time since last request: 2.336353 seconds.
  path: Assets/Prefabs/Canvas.prefab
  artifactKey: Guid(cd9b12c4b4d14d2429b3784b521cf7ba) Importer(815301076,1909f56bfc062723c751e8b465ee728b)
Start importing Assets/Prefabs/Canvas.prefab using Guid(cd9b12c4b4d14d2429b3784b521cf7ba) Importer(815301076,1909f56bfc062723c751e8b465ee728b)  -> (artifact id: 'b9a29ed637e48b6a4a54922db7201735') in 0.031809 seconds
  Import took 0.040624 seconds .

========================================================================
Received Import Request.
  Time since last request: 2.873073 seconds.
  path: Assets/Prefabs/Canvas.prefab
  artifactKey: Guid(cd9b12c4b4d14d2429b3784b521cf7ba) Importer(815301076,1909f56bfc062723c751e8b465ee728b)
Start importing Assets/Prefabs/Canvas.prefab using Guid(cd9b12c4b4d14d2429b3784b521cf7ba) Importer(815301076,1909f56bfc062723c751e8b465ee728b)  -> (artifact id: '3ebdbd320d1c68b04afb41cd30441fde') in 0.015731 seconds
  Import took 0.037162 seconds .

========================================================================
Received Import Request.
  Time since last request: 9.668320 seconds.
  path: Assets/Prefabs/Canvas.prefab
  artifactKey: Guid(cd9b12c4b4d14d2429b3784b521cf7ba) Importer(815301076,1909f56bfc062723c751e8b465ee728b)
Start importing Assets/Prefabs/Canvas.prefab using Guid(cd9b12c4b4d14d2429b3784b521cf7ba) Importer(815301076,1909f56bfc062723c751e8b465ee728b)  -> (artifact id: 'c51503e50a4742529fc30d782517ab8b') in 0.229133 seconds
  Import took 0.262771 seconds .

========================================================================
Received Import Request.
  Time since last request: 17.323376 seconds.
  path: Assets/Prefabs/Canvas.prefab
  artifactKey: Guid(cd9b12c4b4d14d2429b3784b521cf7ba) Importer(815301076,1909f56bfc062723c751e8b465ee728b)
Start importing Assets/Prefabs/Canvas.prefab using Guid(cd9b12c4b4d14d2429b3784b521cf7ba) Importer(815301076,1909f56bfc062723c751e8b465ee728b)  -> (artifact id: 'fb2a7466de4ad159976d7544c072d158') in 0.029369 seconds
  Import took 0.036700 seconds .

========================================================================
Received Import Request.
  Time since last request: 3.357423 seconds.
  path: Assets/Prefabs/Canvas.prefab
  artifactKey: Guid(cd9b12c4b4d14d2429b3784b521cf7ba) Importer(815301076,1909f56bfc062723c751e8b465ee728b)
Start importing Assets/Prefabs/Canvas.prefab using Guid(cd9b12c4b4d14d2429b3784b521cf7ba) Importer(815301076,1909f56bfc062723c751e8b465ee728b)  -> (artifact id: '0d8f98a6beaa8d46cd9339b8e414f9fa') in 0.016390 seconds
  Import took 0.022328 seconds .

========================================================================
Received Import Request.
  Time since last request: 8.325528 seconds.
  path: Assets/Prefabs/Canvas.prefab
  artifactKey: Guid(cd9b12c4b4d14d2429b3784b521cf7ba) Importer(815301076,1909f56bfc062723c751e8b465ee728b)
Start importing Assets/Prefabs/Canvas.prefab using Guid(cd9b12c4b4d14d2429b3784b521cf7ba) Importer(815301076,1909f56bfc062723c751e8b465ee728b)  -> (artifact id: '2c7f98fbd83fe30f69fb123a8c4197c2') in 0.016871 seconds
  Import took 0.029581 seconds .

========================================================================
Received Import Request.
  Time since last request: 6.570102 seconds.
  path: Assets/Prefabs/Canvas.prefab
  artifactKey: Guid(cd9b12c4b4d14d2429b3784b521cf7ba) Importer(815301076,1909f56bfc062723c751e8b465ee728b)
Start importing Assets/Prefabs/Canvas.prefab using Guid(cd9b12c4b4d14d2429b3784b521cf7ba) Importer(815301076,1909f56bfc062723c751e8b465ee728b)  -> (artifact id: '79bf4400f84fe7aa149e8c9dc6188ee5') in 0.015160 seconds
  Import took 0.021142 seconds .

========================================================================
Received Import Request.
  Time since last request: 3.658035 seconds.
  path: Assets/Prefabs/Canvas.prefab
  artifactKey: Guid(cd9b12c4b4d14d2429b3784b521cf7ba) Importer(815301076,1909f56bfc062723c751e8b465ee728b)
Start importing Assets/Prefabs/Canvas.prefab using Guid(cd9b12c4b4d14d2429b3784b521cf7ba) Importer(815301076,1909f56bfc062723c751e8b465ee728b)  -> (artifact id: '931c3ed20faf493d7225f40276643f45') in 0.017123 seconds
  Import took 0.024629 seconds .

========================================================================
Received Import Request.
  Time since last request: 1.398871 seconds.
  path: Assets/Prefabs/Canvas.prefab
  artifactKey: Guid(cd9b12c4b4d14d2429b3784b521cf7ba) Importer(815301076,1909f56bfc062723c751e8b465ee728b)
Start importing Assets/Prefabs/Canvas.prefab using Guid(cd9b12c4b4d14d2429b3784b521cf7ba) Importer(815301076,1909f56bfc062723c751e8b465ee728b)  -> (artifact id: 'b2c4ece10712d78d0f7c08ef412ec3d7') in 0.031450 seconds
  Import took 0.038057 seconds .

========================================================================
Received Import Request.
  Time since last request: 10.704716 seconds.
  path: Assets/Prefabs/Canvas.prefab
  artifactKey: Guid(cd9b12c4b4d14d2429b3784b521cf7ba) Importer(815301076,1909f56bfc062723c751e8b465ee728b)
Start importing Assets/Prefabs/Canvas.prefab using Guid(cd9b12c4b4d14d2429b3784b521cf7ba) Importer(815301076,1909f56bfc062723c751e8b465ee728b)  -> (artifact id: '77014a4b422063bd74fb2514fa681530') in 0.025459 seconds
  Import took 0.031637 seconds .

========================================================================
Received Import Request.
  Time since last request: 4.048675 seconds.
  path: Assets/Prefabs/Canvas.prefab
  artifactKey: Guid(cd9b12c4b4d14d2429b3784b521cf7ba) Importer(815301076,1909f56bfc062723c751e8b465ee728b)
Start importing Assets/Prefabs/Canvas.prefab using Guid(cd9b12c4b4d14d2429b3784b521cf7ba) Importer(815301076,1909f56bfc062723c751e8b465ee728b)  -> (artifact id: '2d7029c9c668325741df84dcfee29633') in 0.017928 seconds
  Import took 0.033345 seconds .

========================================================================
Received Import Request.
  Time since last request: 22.224332 seconds.
  path: Assets/Prefabs/Canvas.prefab
  artifactKey: Guid(cd9b12c4b4d14d2429b3784b521cf7ba) Importer(815301076,1909f56bfc062723c751e8b465ee728b)
Start importing Assets/Prefabs/Canvas.prefab using Guid(cd9b12c4b4d14d2429b3784b521cf7ba) Importer(815301076,1909f56bfc062723c751e8b465ee728b)  -> (artifact id: '0410d1306b9724c0adb1fea188b52ea9') in 0.018803 seconds
  Import took 0.026123 seconds .

========================================================================
Received Import Request.
  Time since last request: 18.793718 seconds.
  path: Assets/Prefabs/Canvas.prefab
  artifactKey: Guid(cd9b12c4b4d14d2429b3784b521cf7ba) Importer(815301076,1909f56bfc062723c751e8b465ee728b)
Start importing Assets/Prefabs/Canvas.prefab using Guid(cd9b12c4b4d14d2429b3784b521cf7ba) Importer(815301076,1909f56bfc062723c751e8b465ee728b)  -> (artifact id: '2120b0650794f8842fb3d41cf37f53bf') in 0.017166 seconds
  Import took 0.027033 seconds .

========================================================================
Received Import Request.
  Time since last request: 5.063267 seconds.
  path: Assets/Prefabs/Canvas.prefab
  artifactKey: Guid(cd9b12c4b4d14d2429b3784b521cf7ba) Importer(815301076,1909f56bfc062723c751e8b465ee728b)
Start importing Assets/Prefabs/Canvas.prefab using Guid(cd9b12c4b4d14d2429b3784b521cf7ba) Importer(815301076,1909f56bfc062723c751e8b465ee728b)  -> (artifact id: '42d69e1789435e0a1ea226cc711f9f63') in 0.028702 seconds
  Import took 0.033316 seconds .

========================================================================
Received Import Request.
  Time since last request: 20.213066 seconds.
  path: Assets/Prefabs/Canvas.prefab
  artifactKey: Guid(cd9b12c4b4d14d2429b3784b521cf7ba) Importer(815301076,1909f56bfc062723c751e8b465ee728b)
Start importing Assets/Prefabs/Canvas.prefab using Guid(cd9b12c4b4d14d2429b3784b521cf7ba) Importer(815301076,1909f56bfc062723c751e8b465ee728b)  -> (artifact id: 'b2489ac08c027ad61a09b61f194bcb7c') in 0.019269 seconds
  Import took 0.025514 seconds .

========================================================================
Received Import Request.
  Time since last request: 15.354389 seconds.
  path: Assets/Prefabs/Canvas.prefab
  artifactKey: Guid(cd9b12c4b4d14d2429b3784b521cf7ba) Importer(815301076,1909f56bfc062723c751e8b465ee728b)
Start importing Assets/Prefabs/Canvas.prefab using Guid(cd9b12c4b4d14d2429b3784b521cf7ba) Importer(815301076,1909f56bfc062723c751e8b465ee728b)  -> (artifact id: '1ba2eabc6108fd1df3447de537df6386') in 0.034342 seconds
  Import took 0.045633 seconds .

========================================================================
Received Import Request.
  Time since last request: 42.959835 seconds.
  path: Assets/Prefabs/Canvas.prefab
  artifactKey: Guid(cd9b12c4b4d14d2429b3784b521cf7ba) Importer(815301076,1909f56bfc062723c751e8b465ee728b)
Start importing Assets/Prefabs/Canvas.prefab using Guid(cd9b12c4b4d14d2429b3784b521cf7ba) Importer(815301076,1909f56bfc062723c751e8b465ee728b)  -> (artifact id: '7a31b81346f9eb2c7633acf2ea72bc0f') in 0.026414 seconds
  Import took 0.034942 seconds .

========================================================================
Received Import Request.
  Time since last request: 9.756018 seconds.
  path: Assets/Prefabs/Canvas.prefab
  artifactKey: Guid(cd9b12c4b4d14d2429b3784b521cf7ba) Importer(815301076,1909f56bfc062723c751e8b465ee728b)
Start importing Assets/Prefabs/Canvas.prefab using Guid(cd9b12c4b4d14d2429b3784b521cf7ba) Importer(815301076,1909f56bfc062723c751e8b465ee728b)  -> (artifact id: 'de8d19bfed45119a0181025cad0ade40') in 0.020047 seconds
  Import took 0.025677 seconds .

========================================================================
Received Import Request.
  Time since last request: 2.410004 seconds.
  path: Assets/Prefabs/Canvas.prefab
  artifactKey: Guid(cd9b12c4b4d14d2429b3784b521cf7ba) Importer(815301076,1909f56bfc062723c751e8b465ee728b)
Start importing Assets/Prefabs/Canvas.prefab using Guid(cd9b12c4b4d14d2429b3784b521cf7ba) Importer(815301076,1909f56bfc062723c751e8b465ee728b)  -> (artifact id: '65190badc30a1c07ff7bbeb3377b7d39') in 0.017201 seconds
  Import took 0.035459 seconds .

========================================================================
Received Import Request.
  Time since last request: 1.965975 seconds.
  path: Assets/Prefabs/Canvas.prefab
  artifactKey: Guid(cd9b12c4b4d14d2429b3784b521cf7ba) Importer(815301076,1909f56bfc062723c751e8b465ee728b)
Start importing Assets/Prefabs/Canvas.prefab using Guid(cd9b12c4b4d14d2429b3784b521cf7ba) Importer(815301076,1909f56bfc062723c751e8b465ee728b)  -> (artifact id: 'b8ef3f530a3c7d576eda3408d835e4e8') in 0.031752 seconds
  Import took 0.037135 seconds .

========================================================================
Received Import Request.
  Time since last request: 15.368005 seconds.
  path: Assets/Prefabs/Canvas.prefab
  artifactKey: Guid(cd9b12c4b4d14d2429b3784b521cf7ba) Importer(815301076,1909f56bfc062723c751e8b465ee728b)
Start importing Assets/Prefabs/Canvas.prefab using Guid(cd9b12c4b4d14d2429b3784b521cf7ba) Importer(815301076,1909f56bfc062723c751e8b465ee728b)  -> (artifact id: '9ad88a2a989daba97aac017fddb493c6') in 0.019294 seconds
  Import took 0.027154 seconds .

========================================================================
Received Import Request.
  Time since last request: 3.221216 seconds.
  path: Assets/Prefabs/Canvas.prefab
  artifactKey: Guid(cd9b12c4b4d14d2429b3784b521cf7ba) Importer(815301076,1909f56bfc062723c751e8b465ee728b)
Start importing Assets/Prefabs/Canvas.prefab using Guid(cd9b12c4b4d14d2429b3784b521cf7ba) Importer(815301076,1909f56bfc062723c751e8b465ee728b)  -> (artifact id: '5fef0d791afc600d2cd2b76db8e35ac5') in 0.021647 seconds
  Import took 0.029453 seconds .

========================================================================
Received Import Request.
  Time since last request: 3.613620 seconds.
  path: Assets/Prefabs/Canvas.prefab
  artifactKey: Guid(cd9b12c4b4d14d2429b3784b521cf7ba) Importer(815301076,1909f56bfc062723c751e8b465ee728b)
Start importing Assets/Prefabs/Canvas.prefab using Guid(cd9b12c4b4d14d2429b3784b521cf7ba) Importer(815301076,1909f56bfc062723c751e8b465ee728b)  -> (artifact id: '334899277c45a5fc813c986fa13c2653') in 0.050058 seconds
  Import took 0.061595 seconds .

========================================================================
Received Import Request.
  Time since last request: 73.467304 seconds.
  path: Assets/Prefabs/Canvas.prefab
  artifactKey: Guid(cd9b12c4b4d14d2429b3784b521cf7ba) Importer(815301076,1909f56bfc062723c751e8b465ee728b)
Start importing Assets/Prefabs/Canvas.prefab using Guid(cd9b12c4b4d14d2429b3784b521cf7ba) Importer(815301076,1909f56bfc062723c751e8b465ee728b)  -> (artifact id: 'bd2a943efe35f3278c3d5e86f58e43e2') in 0.019758 seconds
  Import took 0.030763 seconds .

========================================================================
Received Import Request.
  Time since last request: 28.496158 seconds.
  path: Assets/Scripts/MenuScript.cs
  artifactKey: Guid(8fc5421050d4dcd459b0d4c432b3ceb2) Importer(815301076,1909f56bfc062723c751e8b465ee728b)
Start importing Assets/Scripts/MenuScript.cs using Guid(8fc5421050d4dcd459b0d4c432b3ceb2) Importer(815301076,1909f56bfc062723c751e8b465ee728b)  -> (artifact id: '9c945a42c77c934f33c93d2b728151df') in 0.059607 seconds
  Import took 0.064608 seconds .

========================================================================
Received Prepare
Registering precompiled user dll's ...
Registered in 0.003771 seconds.
Begin MonoManager ReloadAssembly
Native extension for WindowsStandalone target not found
Refreshing native plugins compatible for Editor in 0.45 ms, found 2 plugins.
Preloading 0 native plugins for Editor in 0.00 ms.
Mono: successfully reloaded assembly
- Completed reload, in  1.812 seconds
Platform modules already initialized, skipping
Refreshing native plugins compatible for Editor in 0.51 ms, found 2 plugins.
Preloading 0 native plugins for Editor in 0.00 ms.
Unloading 1838 Unused Serialized files (Serialized files now loaded: 0)
System memory in use before: 105.3 MB.
System memory in use after: 105.4 MB.

Unloading 18 unused Assets to reduce memory usage. Loaded Objects now: 2319.
Total: 2.823700 ms (FindLiveObjects: 0.321900 ms CreateObjectMapping: 0.174500 ms MarkObjects: 2.202200 ms  DeleteObjects: 0.123300 ms)

========================================================================
Received Prepare
Registering precompiled user dll's ...
Registered in 0.003131 seconds.
Begin MonoManager ReloadAssembly
Native extension for WindowsStandalone target not found
Refreshing native plugins compatible for Editor in 0.44 ms, found 2 plugins.
Preloading 0 native plugins for Editor in 0.00 ms.
Mono: successfully reloaded assembly
- Completed reload, in  1.430 seconds
Platform modules already initialized, skipping
Refreshing native plugins compatible for Editor in 0.44 ms, found 2 plugins.
Preloading 0 native plugins for Editor in 0.00 ms.
Unloading 1838 Unused Serialized files (Serialized files now loaded: 0)
System memory in use before: 105.3 MB.
System memory in use after: 105.4 MB.

Unloading 15 unused Assets to reduce memory usage. Loaded Objects now: 2322.
Total: 3.332300 ms (FindLiveObjects: 0.495500 ms CreateObjectMapping: 0.166700 ms MarkObjects: 2.544500 ms  DeleteObjects: 0.123000 ms)

========================================================================
Received Import Request.
  Time since last request: 395.362076 seconds.
  path: Assets/Prefabs/Canvas.prefab
  artifactKey: Guid(cd9b12c4b4d14d2429b3784b521cf7ba) Importer(815301076,1909f56bfc062723c751e8b465ee728b)
Start importing Assets/Prefabs/Canvas.prefab using Guid(cd9b12c4b4d14d2429b3784b521cf7ba) Importer(815301076,1909f56bfc062723c751e8b465ee728b)  -> (artifact id: '4a779632da78ebd121480a48f82acb3b') in 0.118848 seconds
  Import took 0.123737 seconds .

========================================================================
Received Import Request.
  Time since last request: 11.861128 seconds.
  path: Assets/Prefabs/Canvas.prefab
  artifactKey: Guid(cd9b12c4b4d14d2429b3784b521cf7ba) Importer(815301076,1909f56bfc062723c751e8b465ee728b)
Start importing Assets/Prefabs/Canvas.prefab using Guid(cd9b12c4b4d14d2429b3784b521cf7ba) Importer(815301076,1909f56bfc062723c751e8b465ee728b)  -> (artifact id: 'b8e031e90d56f87e4062926a8623846b') in 0.035436 seconds
  Import took 0.042281 seconds .

========================================================================
Received Import Request.
  Time since last request: 13.457604 seconds.
  path: Assets/Prefabs/Canvas.prefab
  artifactKey: Guid(cd9b12c4b4d14d2429b3784b521cf7ba) Importer(815301076,1909f56bfc062723c751e8b465ee728b)
Start importing Assets/Prefabs/Canvas.prefab using Guid(cd9b12c4b4d14d2429b3784b521cf7ba) Importer(815301076,1909f56bfc062723c751e8b465ee728b)  -> (artifact id: '59c82ce55aaa6641b72b9bf671364930') in 0.015041 seconds
  Import took 0.023320 seconds .

========================================================================
Received Prepare
Registering precompiled user dll's ...
Registered in 0.003137 seconds.
Begin MonoManager ReloadAssembly
Native extension for WindowsStandalone target not found
Refreshing native plugins compatible for Editor in 0.51 ms, found 2 plugins.
Preloading 0 native plugins for Editor in 0.00 ms.
Mono: successfully reloaded assembly
- Completed reload, in  1.349 seconds
Platform modules already initialized, skipping
Refreshing native plugins compatible for Editor in 0.49 ms, found 2 plugins.
Preloading 0 native plugins for Editor in 0.00 ms.
Unloading 1838 Unused Serialized files (Serialized files now loaded: 0)
System memory in use before: 105.4 MB.
System memory in use after: 105.5 MB.

Unloading 18 unused Assets to reduce memory usage. Loaded Objects now: 2326.
Total: 2.838800 ms (FindLiveObjects: 0.321600 ms CreateObjectMapping: 0.093800 ms MarkObjects: 2.290900 ms  DeleteObjects: 0.130600 ms)

========================================================================
Received Import Request.
  Time since last request: 129.982968 seconds.
  path: Assets/Scenes/Level01.unity
  artifactKey: Guid(8710855201d3f354281fb292461e2960) Importer(815301076,1909f56bfc062723c751e8b465ee728b)
Start importing Assets/Scenes/Level01.unity using Guid(8710855201d3f354281fb292461e2960) Importer(815301076,1909f56bfc062723c751e8b465ee728b)  -> (artifact id: '83fcebec2b407d07ae382bad3e9d92f2') in 0.049481 seconds
  Import took 0.054623 seconds .

========================================================================
Received Prepare
Registering precompiled user dll's ...
Registered in 0.003895 seconds.
Begin MonoManager ReloadAssembly
Native extension for WindowsStandalone target not found
Refreshing native plugins compatible for Editor in 0.50 ms, found 2 plugins.
Preloading 0 native plugins for Editor in 0.00 ms.
Mono: successfully reloaded assembly
- Completed reload, in  1.671 seconds
Platform modules already initialized, skipping
Refreshing native plugins compatible for Editor in 0.61 ms, found 2 plugins.
Preloading 0 native plugins for Editor in 0.00 ms.
Unloading 1838 Unused Serialized files (Serialized files now loaded: 0)
System memory in use before: 105.4 MB.
System memory in use after: 105.5 MB.

Unloading 15 unused Assets to reduce memory usage. Loaded Objects now: 2329.
Total: 3.825600 ms (FindLiveObjects: 0.556000 ms CreateObjectMapping: 0.447800 ms MarkObjects: 2.677300 ms  DeleteObjects: 0.142100 ms)

========================================================================
Received Prepare
Registering precompiled user dll's ...
Registered in 0.003228 seconds.
Begin MonoManager ReloadAssembly
Native extension for WindowsStandalone target not found
Refreshing native plugins compatible for Editor in 0.42 ms, found 2 plugins.
Preloading 0 native plugins for Editor in 0.00 ms.
Mono: successfully reloaded assembly
- Completed reload, in  1.486 seconds
Platform modules already initialized, skipping
Refreshing native plugins compatible for Editor in 0.97 ms, found 2 plugins.
Preloading 0 native plugins for Editor in 0.00 ms.
Unloading 1838 Unused Serialized files (Serialized files now loaded: 0)
System memory in use before: 105.4 MB.
System memory in use after: 105.5 MB.

Unloading 15 unused Assets to reduce memory usage. Loaded Objects now: 2332.
Total: 4.859100 ms (FindLiveObjects: 0.315400 ms CreateObjectMapping: 0.099300 ms MarkObjects: 4.233100 ms  DeleteObjects: 0.208700 ms)

AssetImportWorkerClient::OnTransportError - code=2 error=End of file
